#-----------------------------------------------------------
# Vivado v2024.1 (64-bit)
# SW Build 5076996 on Wed May 22 18:36:09 MDT 2024
# IP Build 5075265 on Wed May 22 21:45:21 MDT 2024
# SharedData Build 5076995 on Wed May 22 18:29:18 MDT 2024
# Start of session at: Sat Dec  7 15:00:10 2024
# Process ID: 13188
# Current directory: /home/joseph/School/2025FA/6.2050/Keychain
# Command line: vivado -mode batch -source synth.tcl
# Log file: /home/joseph/School/2025FA/6.2050/Keychain/vivado.log
# Journal file: /home/joseph/School/2025FA/6.2050/Keychain/vivado.jou
# Running On        :joseph-legion5
# Platform          :Linuxmint
# Operating System  :Linux Mint 22
# Processor Detail  :AMD Ryzen 7 5800H with Radeon Graphics
# CPU Frequency     :3732.184 MHz
# CPU Physical cores:8
# CPU Logical cores :16
# Host memory       :14496 MB
# Swap memory       :0 MB
# Total Virtual     :14496 MB
# Available Virtual :11972 MB
#-----------------------------------------------------------
source synth.tcl
# set_param general.maxThreads 8
# set partNum xc7s50csga324-1
# set outputDir obj
# file mkdir $outputDir
# set files [glob -nocomplain "$outputDir/*"]
# if {[llength $files] != 0} {
#     # clear folder contents
#     puts "deleting contents of $outputDir"
#     file delete -force {*}[glob -directory $outputDir *];
# } else {
#     puts "$outputDir is empty"
# }
obj is empty
# set sources_sv [ glob ./hdl/*.sv ]
# read_verilog -sv $sources_sv
# set sources_v [ glob -nocomplain ./hdl/*.v ]
# if {[llength $sources_v] > 0 } {
#     read_verilog $sources_v
# }
no files matched glob pattern "./xdc/*.xdc"
    while executing
"glob ./xdc/*.xdc "
    invoked from within
"read_xdc [ glob ./xdc/*.xdc ]"
    (file "synth.tcl" line 35)
INFO: [Common 17-206] Exiting Vivado at Sat Dec  7 15:00:17 2024...
