Copyright 1986-2022 Xilinx, Inc. All Rights Reserved. Copyright 2022-2024 Advanced Micro Devices, Inc. All Rights Reserved.
---------------------------------------------------------------------------------------------------------------------------------------------
| Tool Version : Vivado v.2024.1 (lin64) Build 5076996 Wed May 22 18:36:09 MDT 2024
| Date         : Mon Dec  9 22:31:03 2024
| Host         : joseph-legion5 running 64-bit Linux Mint 22
| Command      : report_timing -file obj/post_synth_timing.rpt
| Design       : top_level
| Device       : 7s50-csga324
| Speed File   : -1  PRODUCTION 1.23 2018-06-13
| Design State : Synthesized
---------------------------------------------------------------------------------------------------------------------------------------------

Timing Report

Slack (MET) :             0.873ns  (required time - arrival time)
  Source:                 expmod/modulus_block/intermediate_reg[11][3]/C
                            (rising edge-triggered cell FDRE clocked by gclk  {rise@0.000ns fall@4.000ns period=10.000ns})
  Destination:            expmod/modulus_block/intermediate_reg[10][56]/D
                            (rising edge-triggered cell FDRE clocked by gclk  {rise@0.000ns fall@4.000ns period=10.000ns})
  Path Group:             gclk
  Path Type:              Setup (Max at Slow Process Corner)
  Requirement:            10.000ns  (gclk rise@10.000ns - gclk rise@0.000ns)
  Data Path Delay:        8.976ns  (logic 3.668ns (40.865%)  route 5.308ns (59.135%))
  Logic Levels:           19  (CARRY4=13 LUT2=1 LUT4=1 LUT6=4)
  Clock Path Skew:        -0.145ns (DCD - SCD + CPR)
    Destination Clock Delay (DCD):    2.660ns = ( 12.660 - 10.000 ) 
    Source Clock Delay      (SCD):    2.920ns
    Clock Pessimism Removal (CPR):    0.115ns
  Clock Uncertainty:      0.035ns  ((TSJ^2 + TIJ^2)^1/2 + DJ) / 2 + PE
    Total System Jitter     (TSJ):    0.071ns
    Total Input Jitter      (TIJ):    0.000ns
    Discrete Jitter          (DJ):    0.000ns
    Phase Error              (PE):    0.000ns

    Location             Delay type                Incr(ns)  Path(ns)    Netlist Resource(s)
  -------------------------------------------------------------------    -------------------
                         (clock gclk rise edge)       0.000     0.000 r  
    N15                                               0.000     0.000 r  clk_100mhz (IN)
                         net (fo=0)                   0.000     0.000    clk_100mhz
    N15                  IBUF (Prop_ibuf_I_O)         1.440     1.440 r  clk_100mhz_IBUF_inst/O
                         net (fo=1, unplaced)         0.800     2.240    clk_100mhz_IBUF
                         BUFG (Prop_bufg_I_O)         0.096     2.336 r  clk_100mhz_IBUF_BUFG_inst/O
                         net (fo=6809, unplaced)      0.584     2.920    expmod/modulus_block/clk_100mhz_IBUF_BUFG
                         FDRE                                         r  expmod/modulus_block/intermediate_reg[11][3]/C
  -------------------------------------------------------------------    -------------------
                         FDRE (Prop_fdre_C_Q)         0.456     3.376 r  expmod/modulus_block/intermediate_reg[11][3]/Q
                         net (fo=1, unplaced)         0.965     4.341    expmod/modulus_block/intermediate_reg_n_0_[11][3]
                         LUT6 (Prop_lut6_I0_O)        0.295     4.636 r  expmod/modulus_block/intermediate[32][3]_i_23__0/O
                         net (fo=1, unplaced)         0.902     5.538    expmod/modulus_block/intermediate[32][3]_i_23__0_n_0
                         LUT4 (Prop_lut4_I1_O)        0.124     5.662 r  expmod/modulus_block/intermediate[32][3]_i_8__0/O
                         net (fo=2, unplaced)         0.460     6.122    expmod/modulus_block/intermediate[32][3]_i_8__0_n_0
                         LUT6 (Prop_lut6_I1_O)        0.124     6.246 r  expmod/modulus_block/intermediate[32][3]_i_4__0/O
                         net (fo=9, unplaced)         0.943     7.189    expmod/modulus_block/intermediate[32][3]_i_4__0_n_0
                         LUT6 (Prop_lut6_I2_O)        0.124     7.313 r  expmod/modulus_block/intermediate[32][63]_i_317__0/O
                         net (fo=1, unplaced)         0.639     7.952    expmod/modulus_block/intermediate[32][63]_i_317__0_n_0
                         CARRY4 (Prop_carry4_DI[1]_CO[3])
                                                      0.507     8.459 r  expmod/modulus_block/intermediate_reg[32][63]_i_290__0/CO[3]
                         net (fo=1, unplaced)         0.009     8.468    expmod/modulus_block/intermediate_reg[32][63]_i_290__0_n_0
                         CARRY4 (Prop_carry4_CI_CO[3])
                                                      0.114     8.582 r  expmod/modulus_block/intermediate_reg[32][63]_i_263__0/CO[3]
                         net (fo=1, unplaced)         0.000     8.582    expmod/modulus_block/intermediate_reg[32][63]_i_263__0_n_0
                         CARRY4 (Prop_carry4_CI_CO[3])
                                                      0.114     8.696 r  expmod/modulus_block/intermediate_reg[32][63]_i_236__0/CO[3]
                         net (fo=1, unplaced)         0.000     8.696    expmod/modulus_block/intermediate_reg[32][63]_i_236__0_n_0
                         CARRY4 (Prop_carry4_CI_CO[3])
                                                      0.114     8.810 r  expmod/modulus_block/intermediate_reg[32][63]_i_209__0/CO[3]
                         net (fo=1, unplaced)         0.000     8.810    expmod/modulus_block/intermediate_reg[32][63]_i_209__0_n_0
                         CARRY4 (Prop_carry4_CI_CO[3])
                                                      0.114     8.924 r  expmod/modulus_block/intermediate_reg[32][63]_i_182__0/CO[3]
                         net (fo=1, unplaced)         0.000     8.924    expmod/modulus_block/intermediate_reg[32][63]_i_182__0_n_0
                         CARRY4 (Prop_carry4_CI_CO[3])
                                                      0.114     9.038 r  expmod/modulus_block/intermediate_reg[32][63]_i_155__0/CO[3]
                         net (fo=1, unplaced)         0.000     9.038    expmod/modulus_block/intermediate_reg[32][63]_i_155__0_n_0
                         CARRY4 (Prop_carry4_CI_CO[3])
                                                      0.114     9.152 r  expmod/modulus_block/intermediate_reg[32][63]_i_128__0/CO[3]
                         net (fo=1, unplaced)         0.000     9.152    expmod/modulus_block/intermediate_reg[32][63]_i_128__0_n_0
                         CARRY4 (Prop_carry4_CI_CO[3])
                                                      0.114     9.266 r  expmod/modulus_block/intermediate_reg[32][63]_i_105__0/CO[3]
                         net (fo=1, unplaced)         0.000     9.266    expmod/modulus_block/intermediate_reg[32][63]_i_105__0_n_0
                         CARRY4 (Prop_carry4_CI_CO[3])
                                                      0.114     9.380 r  expmod/modulus_block/intermediate_reg[32][63]_i_90__0/CO[3]
                         net (fo=1, unplaced)         0.000     9.380    expmod/modulus_block/intermediate_reg[32][63]_i_90__0_n_0
                         CARRY4 (Prop_carry4_CI_CO[3])
                                                      0.114     9.494 r  expmod/modulus_block/intermediate_reg[32][63]_i_75__0/CO[3]
                         net (fo=1, unplaced)         0.000     9.494    expmod/modulus_block/intermediate_reg[32][63]_i_75__0_n_0
                         CARRY4 (Prop_carry4_CI_CO[3])
                                                      0.114     9.608 r  expmod/modulus_block/intermediate_reg[32][63]_i_56__0/CO[3]
                         net (fo=1, unplaced)         0.000     9.608    expmod/modulus_block/intermediate_reg[32][63]_i_56__0_n_0
                         CARRY4 (Prop_carry4_CI_CO[3])
                                                      0.114     9.722 r  expmod/modulus_block/intermediate_reg[32][63]_i_23__0/CO[3]
                         net (fo=1, unplaced)         0.000     9.722    expmod/modulus_block/intermediate_reg[32][63]_i_23__0_n_0
                         CARRY4 (Prop_carry4_CI_CO[0])
                                                      0.293    10.015 r  expmod/modulus_block/intermediate_reg[32][63]_i_7__0/CO[0]
                         net (fo=66, unplaced)        0.400    10.415    expmod/modulus_block/intermediate_reg[32][63]_i_7__0_n_3
                         LUT2 (Prop_lut2_I1_O)        0.367    10.782 r  expmod/modulus_block/intermediate[32][62]_i_3__0/O
                         net (fo=62, unplaced)        0.990    11.772    expmod/modulus_block/intermediate[32][62]_i_3__0_n_0
                         LUT6 (Prop_lut6_I3_O)        0.124    11.896 r  expmod/modulus_block/intermediate[32][56]_i_1__0/O
                         net (fo=32, unplaced)        0.000    11.896    expmod/modulus_block/intermediate1_in[56]
                         FDRE                                         r  expmod/modulus_block/intermediate_reg[10][56]/D
  -------------------------------------------------------------------    -------------------

                         (clock gclk rise edge)      10.000    10.000 r  
    N15                                               0.000    10.000 r  clk_100mhz (IN)
                         net (fo=0)                   0.000    10.000    clk_100mhz
    N15                  IBUF (Prop_ibuf_I_O)         1.370    11.370 r  clk_100mhz_IBUF_inst/O
                         net (fo=1, unplaced)         0.760    12.130    clk_100mhz_IBUF
                         BUFG (Prop_bufg_I_O)         0.091    12.221 r  clk_100mhz_IBUF_BUFG_inst/O
                         net (fo=6809, unplaced)      0.439    12.660    expmod/modulus_block/clk_100mhz_IBUF_BUFG
                         FDRE                                         r  expmod/modulus_block/intermediate_reg[10][56]/C
                         clock pessimism              0.115    12.775    
                         clock uncertainty           -0.035    12.740    
                         FDRE (Setup_fdre_C_D)        0.029    12.769    expmod/modulus_block/intermediate_reg[10][56]
  -------------------------------------------------------------------
                         required time                         12.769    
                         arrival time                         -11.896    
  -------------------------------------------------------------------
                         slack                                  0.873    




